0 info it worked if it ends with ok
1 verbose cli [ 'E:\\nodejs\\node.exe',
1 verbose cli   'E:\\nodejs\\node_modules\\npm\\bin\\npm-cli.js',
1 verbose cli   'run',
1 verbose cli   'dev' ]
2 info using npm@3.10.10
3 info using node@v6.11.2
4 verbose run-script [ 'predev', 'dev', 'postdev' ]
5 info lifecycle ddd@1.0.0~predev: ddd@1.0.0
6 silly lifecycle ddd@1.0.0~predev: no script for predev, continuing
7 info lifecycle ddd@1.0.0~dev: ddd@1.0.0
8 verbose lifecycle ddd@1.0.0~dev: unsafe-perm in lifecycle true
9 verbose lifecycle ddd@1.0.0~dev: PATH: E:\nodejs\node_modules\npm\bin\node-gyp-bin;D:\myProjectRoot\github\stageTwelve\day01\myproject\node_modules\.bin;C:\Windows\system32;C:\Windows;C:\Windows\System32\Wbem;C:\Windows\System32\WindowsPowerShell\v1.0\;C:\Program Files (x86)\NVIDIA Corporation\PhysX\Common;C:\Program Files\Intel\WiFi\bin\;C:\Program Files\Common Files\Intel\WirelessCommon\;C:\WINDOWS\system32;C:\WINDOWS;C:\WINDOWS\System32\Wbem;C:\WINDOWS\System32\WindowsPowerShell\v1.0\;D:\MySQL\bin;E:\nodejs\;C:\Users\10945\AppData\Local\Microsoft\WindowsApps;C:\Users\10945\AppData\Roaming\npm;C:\Program Files\Microsoft VS Code\bin;
10 verbose lifecycle ddd@1.0.0~dev: CWD: D:\myProjectRoot\github\stageTwelve\day01\myproject
11 silly lifecycle ddd@1.0.0~dev: Args: [ '/d /s /c',
11 silly lifecycle   'webpack-dev-server --hot --open --port 8888 --progress' ]
12 silly lifecycle ddd@1.0.0~dev: Returned: code: 3221225786  signal: null
13 info lifecycle ddd@1.0.0~dev: Failed to exec dev script
14 verbose stack Error: ddd@1.0.0 dev: `webpack-dev-server --hot --open --port 8888 --progress`
14 verbose stack Exit status 3221225786
14 verbose stack     at EventEmitter.<anonymous> (E:\nodejs\node_modules\npm\lib\utils\lifecycle.js:255:16)
14 verbose stack     at emitTwo (events.js:106:13)
14 verbose stack     at EventEmitter.emit (events.js:191:7)
14 verbose stack     at ChildProcess.<anonymous> (E:\nodejs\node_modules\npm\lib\utils\spawn.js:40:14)
14 verbose stack     at emitTwo (events.js:106:13)
14 verbose stack     at ChildProcess.emit (events.js:191:7)
14 verbose stack     at maybeClose (internal/child_process.js:891:16)
14 verbose stack     at Process.ChildProcess._handle.onexit (internal/child_process.js:226:5)
15 verbose pkgid ddd@1.0.0
16 verbose cwd D:\myProjectRoot\github\stageTwelve\day01\myproject
17 error Windows_NT 10.0.16299
18 error argv "E:\\nodejs\\node.exe" "E:\\nodejs\\node_modules\\npm\\bin\\npm-cli.js" "run" "dev"
19 error node v6.11.2
20 error npm  v3.10.10
21 error code ELIFECYCLE
22 error ddd@1.0.0 dev: `webpack-dev-server --hot --open --port 8888 --progress`
22 error Exit status 3221225786
23 error Failed at the ddd@1.0.0 dev script 'webpack-dev-server --hot --open --port 8888 --progress'.
23 error Make sure you have the latest version of node.js and npm installed.
23 error If you do, this is most likely a problem with the ddd package,
23 error not with npm itself.
23 error Tell the author that this fails on your system:
23 error     webpack-dev-server --hot --open --port 8888 --progress
23 error You can get information on how to open an issue for this project with:
23 error     npm bugs ddd
23 error Or if that isn't available, you can get their info via:
23 error     npm owner ls ddd
23 error There is likely additional logging output above.
24 verbose exit [ 1, true ]
