0 info it worked if it ends with ok
1 verbose cli [ 'E:\\nodejs\\node.exe',
1 verbose cli   'E:\\nodejs\\node_modules\\npm\\bin\\npm-cli.js',
1 verbose cli   'run',
1 verbose cli   'dev' ]
2 info using npm@3.10.10
3 info using node@v6.11.2
4 verbose run-script [ 'predev', 'dev', 'postdev' ]
5 info lifecycle ddd@1.0.0~predev: ddd@1.0.0
6 silly lifecycle ddd@1.0.0~predev: no script for predev, continuing
7 info lifecycle ddd@1.0.0~dev: ddd@1.0.0
8 verbose lifecycle ddd@1.0.0~dev: unsafe-perm in lifecycle true
9 verbose lifecycle ddd@1.0.0~dev: PATH: E:\nodejs\node_modules\npm\bin\node-gyp-bin;d:\myProjectRoot\github\stageTwelve\day01\bxg\node_modules\.bin;C:\Windows\system32;C:\Windows;C:\Windows\System32\Wbem;C:\Windows\System32\WindowsPowerShell\v1.0\;C:\Program Files (x86)\NVIDIA Corporation\PhysX\Common;C:\Program Files\Intel\WiFi\bin\;C:\Program Files\Common Files\Intel\WirelessCommon\;C:\WINDOWS\system32;C:\WINDOWS;C:\WINDOWS\System32\Wbem;C:\WINDOWS\System32\WindowsPowerShell\v1.0\;D:\MySQL\bin;E:\nodejs\;C:\Users\10945\AppData\Local\Microsoft\WindowsApps;C:\Users\10945\AppData\Roaming\npm;C:\Program Files\Microsoft VS Code\bin
10 verbose lifecycle ddd@1.0.0~dev: CWD: d:\myProjectRoot\github\stageTwelve\day01\bxg
11 silly lifecycle ddd@1.0.0~dev: Args: [ '/d /s /c',
11 silly lifecycle   'webpack-dev-server --hot --open --port 8888 --progress' ]
12 verbose stack Error: kill ENOSYS
12 verbose stack     at exports._errnoException (util.js:1020:11)
12 verbose stack     at process.kill (internal/process.js:190:13)
12 verbose stack     at process.listener (E:\nodejs\node_modules\npm\node_modules\npmlog\node_modules\gauge\node_modules\signal-exit\index.js:86:15)
12 verbose stack     at emitNone (events.js:91:20)
12 verbose stack     at process.emit (events.js:185:7)
12 verbose stack     at processEmit (E:\nodejs\node_modules\npm\node_modules\npmlog\node_modules\gauge\node_modules\signal-exit\index.js:146:32)
12 verbose stack     at processEmit (E:\nodejs\node_modules\npm\node_modules\npm-registry-client\node_modules\npmlog\node_modules\gauge\node_modules\signal-exit\index.js:146:32)
12 verbose stack     at Signal.wrap.onsignal (internal/process.js:217:44)
13 verbose cwd d:\myProjectRoot\github\stageTwelve\day01\bxg
14 error Windows_NT 10.0.15063
15 error argv "E:\\nodejs\\node.exe" "E:\\nodejs\\node_modules\\npm\\bin\\npm-cli.js" "run" "dev"
16 error node v6.11.2
17 error npm  v3.10.10
18 error code ENOSYS
19 error errno ENOSYS
20 error syscall kill
21 error kill ENOSYS
22 error If you need help, you may report this error at:
22 error     <https://github.com/npm/npm/issues>
23 verbose exit [ 1, true ]
